  [4;36;1mSQL (1.9ms)[0m   [0;1m SELECT name
 FROM sqlite_master
 WHERE type = 'table' AND NOT name = 'sqlite_sequence'
[0m
  [4;35;1mSQL (0.3ms)[0m   [0mselect sqlite_version(*)[0m
  [4;36;1mSQL (1.9ms)[0m   [0;1mCREATE TABLE "schema_migrations" ("version" varchar(255) NOT NULL) [0m
  [4;35;1mSQL (1.7ms)[0m   [0mCREATE UNIQUE INDEX "unique_schema_migrations" ON "schema_migrations" ("version")[0m
  [4;36;1mSQL (0.3ms)[0m   [0;1m SELECT name
 FROM sqlite_master
 WHERE type = 'table' AND NOT name = 'sqlite_sequence'
[0m
  [4;35;1mSQL (0.1ms)[0m   [0mSELECT version FROM schema_migrations[0m
Migrating to CreateCards (20100614193211)
  [4;36;1mSQL (0.6ms)[0m   [0;1mCREATE TABLE "cards" ("id" INTEGER PRIMARY KEY AUTOINCREMENT NOT NULL, "name" varchar(255), "home_phone" integer, "office_phone" integer, "created_at" datetime, "updated_at" datetime) [0m
  [4;35;1mSQL (0.1ms)[0m   [0mINSERT INTO schema_migrations (version) VALUES ('20100614193211')[0m
Migrating to CreatePhones (20100614193245)
  [4;36;1mSQL (0.4ms)[0m   [0;1mCREATE TABLE "phones" ("id" INTEGER PRIMARY KEY AUTOINCREMENT NOT NULL, "number" varchar(255), "created_at" datetime, "updated_at" datetime) [0m
  [4;35;1mSQL (0.1ms)[0m   [0mINSERT INTO schema_migrations (version) VALUES ('20100614193245')[0m
  [4;36;1mSQL (0.4ms)[0m   [0;1m SELECT name
 FROM sqlite_master
 WHERE type = 'table' AND NOT name = 'sqlite_sequence'
[0m
  [4;35;1mSQL (0.2ms)[0m   [0mSELECT version FROM schema_migrations[0m
  [4;36;1mSQL (0.2ms)[0m   [0;1m SELECT name
 FROM sqlite_master
 WHERE type = 'table' AND NOT name = 'sqlite_sequence'
[0m
  [4;35;1mSQL (0.1ms)[0m   [0mPRAGMA index_list("cards")[0m
  [4;36;1mSQL (0.0ms)[0m   [0;1mPRAGMA index_list("phones")[0m


Processing ApplicationController#index to xml (for 127.0.0.1 at 2010-06-15 16:39:54) [GET]

SyntaxError (/mydev/brandeis/assoc/app/controllers/cards_controller.rb:84: syntax error, unexpected kEND, expecting $end):
  /opt/local/lib/ruby/1.8/webrick/httpserver.rb:104:in `service'
  /opt/local/lib/ruby/1.8/webrick/httpserver.rb:65:in `run'
  /opt/local/lib/ruby/1.8/webrick/server.rb:173:in `start_thread'
  /opt/local/lib/ruby/1.8/webrick/server.rb:162:in `start'
  /opt/local/lib/ruby/1.8/webrick/server.rb:162:in `start_thread'
  /opt/local/lib/ruby/1.8/webrick/server.rb:95:in `start'
  /opt/local/lib/ruby/1.8/webrick/server.rb:92:in `each'
  /opt/local/lib/ruby/1.8/webrick/server.rb:92:in `start'
  /opt/local/lib/ruby/1.8/webrick/server.rb:23:in `start'
  /opt/local/lib/ruby/1.8/webrick/server.rb:82:in `start'

Rendered rescues/_trace (35.7ms)
Rendered rescues/_request_and_response (1.4ms)
Rendering rescues/layout (internal_server_error)


Processing ApplicationController#index to xml (for 127.0.0.1 at 2010-06-15 16:40:51) [GET]

LoadError (Expected /mydev/brandeis/assoc/app/controllers/cards_controller.rb to define CardsController):
  /opt/local/lib/ruby/1.8/webrick/httpserver.rb:104:in `service'
  /opt/local/lib/ruby/1.8/webrick/httpserver.rb:65:in `run'
  /opt/local/lib/ruby/1.8/webrick/server.rb:173:in `start_thread'
  /opt/local/lib/ruby/1.8/webrick/server.rb:162:in `start'
  /opt/local/lib/ruby/1.8/webrick/server.rb:162:in `start_thread'
  /opt/local/lib/ruby/1.8/webrick/server.rb:95:in `start'
  /opt/local/lib/ruby/1.8/webrick/server.rb:92:in `each'
  /opt/local/lib/ruby/1.8/webrick/server.rb:92:in `start'
  /opt/local/lib/ruby/1.8/webrick/server.rb:23:in `start'
  /opt/local/lib/ruby/1.8/webrick/server.rb:82:in `start'

Rendered rescues/_trace (29.8ms)
Rendered rescues/_request_and_response (0.4ms)
Rendering rescues/layout (internal_server_error)


Processing ApplicationController#index to xml (for 127.0.0.1 at 2010-06-15 16:41:17) [GET]

NoMethodError (undefined method `call' for CardsController:Class):
  /opt/local/lib/ruby/1.8/webrick/httpserver.rb:104:in `service'
  /opt/local/lib/ruby/1.8/webrick/httpserver.rb:65:in `run'
  /opt/local/lib/ruby/1.8/webrick/server.rb:173:in `start_thread'
  /opt/local/lib/ruby/1.8/webrick/server.rb:162:in `start'
  /opt/local/lib/ruby/1.8/webrick/server.rb:162:in `start_thread'
  /opt/local/lib/ruby/1.8/webrick/server.rb:95:in `start'
  /opt/local/lib/ruby/1.8/webrick/server.rb:92:in `each'
  /opt/local/lib/ruby/1.8/webrick/server.rb:92:in `start'
  /opt/local/lib/ruby/1.8/webrick/server.rb:23:in `start'
  /opt/local/lib/ruby/1.8/webrick/server.rb:82:in `start'

Rendered rescues/_trace (23.9ms)
Rendered rescues/_request_and_response (0.3ms)
Rendering rescues/layout (internal_server_error)


Processing ApplicationController#index (for 127.0.0.1 at 2010-06-15 16:41:36) [GET]

ActionController::RoutingError (No route matches "/card.xml" with {:method=>:get}):
  /opt/local/lib/ruby/1.8/webrick/httpserver.rb:104:in `service'
  /opt/local/lib/ruby/1.8/webrick/httpserver.rb:65:in `run'
  /opt/local/lib/ruby/1.8/webrick/server.rb:173:in `start_thread'
  /opt/local/lib/ruby/1.8/webrick/server.rb:162:in `start'
  /opt/local/lib/ruby/1.8/webrick/server.rb:162:in `start_thread'
  /opt/local/lib/ruby/1.8/webrick/server.rb:95:in `start'
  /opt/local/lib/ruby/1.8/webrick/server.rb:92:in `each'
  /opt/local/lib/ruby/1.8/webrick/server.rb:92:in `start'
  /opt/local/lib/ruby/1.8/webrick/server.rb:23:in `start'
  /opt/local/lib/ruby/1.8/webrick/server.rb:82:in `start'

Rendering rescues/layout (not_found)


Processing ApplicationController#index (for 127.0.0.1 at 2010-06-15 16:41:43) [GET]

ActionController::RoutingError (No route matches "/phone/1.xml" with {:method=>:get}):
  /opt/local/lib/ruby/1.8/webrick/httpserver.rb:104:in `service'
  /opt/local/lib/ruby/1.8/webrick/httpserver.rb:65:in `run'
  /opt/local/lib/ruby/1.8/webrick/server.rb:173:in `start_thread'
  /opt/local/lib/ruby/1.8/webrick/server.rb:162:in `start'
  /opt/local/lib/ruby/1.8/webrick/server.rb:162:in `start_thread'
  /opt/local/lib/ruby/1.8/webrick/server.rb:95:in `start'
  /opt/local/lib/ruby/1.8/webrick/server.rb:92:in `each'
  /opt/local/lib/ruby/1.8/webrick/server.rb:92:in `start'
  /opt/local/lib/ruby/1.8/webrick/server.rb:23:in `start'
  /opt/local/lib/ruby/1.8/webrick/server.rb:82:in `start'

Rendering rescues/layout (not_found)


Processing ApplicationController#show to xml (for 127.0.0.1 at 2010-06-15 16:41:46) [GET]
  Parameters: {"id"=>"1"}

NoMethodError (undefined method `call' for PhonesController:Class):
  /opt/local/lib/ruby/1.8/webrick/httpserver.rb:104:in `service'
  /opt/local/lib/ruby/1.8/webrick/httpserver.rb:65:in `run'
  /opt/local/lib/ruby/1.8/webrick/server.rb:173:in `start_thread'
  /opt/local/lib/ruby/1.8/webrick/server.rb:162:in `start'
  /opt/local/lib/ruby/1.8/webrick/server.rb:162:in `start_thread'
  /opt/local/lib/ruby/1.8/webrick/server.rb:95:in `start'
  /opt/local/lib/ruby/1.8/webrick/server.rb:92:in `each'
  /opt/local/lib/ruby/1.8/webrick/server.rb:92:in `start'
  /opt/local/lib/ruby/1.8/webrick/server.rb:23:in `start'
  /opt/local/lib/ruby/1.8/webrick/server.rb:82:in `start'

Rendered rescues/_trace (104.6ms)
Rendered rescues/_request_and_response (0.4ms)
Rendering rescues/layout (internal_server_error)


Processing ApplicationController#show to xml (for 127.0.0.1 at 2010-06-15 16:42:16) [GET]
  Parameters: {"id"=>"1"}

NoMethodError (undefined method `call' for PhonesController:Class):
  /opt/local/lib/ruby/1.8/webrick/httpserver.rb:104:in `service'
  /opt/local/lib/ruby/1.8/webrick/httpserver.rb:65:in `run'
  /opt/local/lib/ruby/1.8/webrick/server.rb:173:in `start_thread'
  /opt/local/lib/ruby/1.8/webrick/server.rb:162:in `start'
  /opt/local/lib/ruby/1.8/webrick/server.rb:162:in `start_thread'
  /opt/local/lib/ruby/1.8/webrick/server.rb:95:in `start'
  /opt/local/lib/ruby/1.8/webrick/server.rb:92:in `each'
  /opt/local/lib/ruby/1.8/webrick/server.rb:92:in `start'
  /opt/local/lib/ruby/1.8/webrick/server.rb:23:in `start'
  /opt/local/lib/ruby/1.8/webrick/server.rb:82:in `start'

Rendered rescues/_trace (24.2ms)
Rendered rescues/_request_and_response (0.3ms)
Rendering rescues/layout (internal_server_error)


Processing ApplicationController#index (for 127.0.0.1 at 2010-06-15 16:42:56) [GET]

NoMethodError (undefined method `call' for PhonesController:Class):
  /opt/local/lib/ruby/1.8/webrick/httpserver.rb:104:in `service'
  /opt/local/lib/ruby/1.8/webrick/httpserver.rb:65:in `run'
  /opt/local/lib/ruby/1.8/webrick/server.rb:173:in `start_thread'
  /opt/local/lib/ruby/1.8/webrick/server.rb:162:in `start'
  /opt/local/lib/ruby/1.8/webrick/server.rb:162:in `start_thread'
  /opt/local/lib/ruby/1.8/webrick/server.rb:95:in `start'
  /opt/local/lib/ruby/1.8/webrick/server.rb:92:in `each'
  /opt/local/lib/ruby/1.8/webrick/server.rb:92:in `start'
  /opt/local/lib/ruby/1.8/webrick/server.rb:23:in `start'
  /opt/local/lib/ruby/1.8/webrick/server.rb:82:in `start'

Rendered rescues/_trace (23.8ms)
Rendered rescues/_request_and_response (0.3ms)
Rendering rescues/layout (internal_server_error)


Processing ApplicationController#show to xml (for 127.0.0.1 at 2010-06-15 16:43:16) [GET]
  Parameters: {"id"=>"1"}

NoMethodError (undefined method `call' for PhonesController:Class):
  /opt/local/lib/ruby/1.8/webrick/httpserver.rb:104:in `service'
  /opt/local/lib/ruby/1.8/webrick/httpserver.rb:65:in `run'
  /opt/local/lib/ruby/1.8/webrick/server.rb:173:in `start_thread'
  /opt/local/lib/ruby/1.8/webrick/server.rb:162:in `start'
  /opt/local/lib/ruby/1.8/webrick/server.rb:162:in `start_thread'
  /opt/local/lib/ruby/1.8/webrick/server.rb:95:in `start'
  /opt/local/lib/ruby/1.8/webrick/server.rb:92:in `each'
  /opt/local/lib/ruby/1.8/webrick/server.rb:92:in `start'
  /opt/local/lib/ruby/1.8/webrick/server.rb:23:in `start'
  /opt/local/lib/ruby/1.8/webrick/server.rb:82:in `start'

Rendered rescues/_trace (102.9ms)
Rendered rescues/_request_and_response (0.4ms)
Rendering rescues/layout (internal_server_error)


Processing ApplicationController#show (for 127.0.0.1 at 2010-06-15 16:43:20) [GET]
  Parameters: {"id"=>"1"}

NoMethodError (undefined method `call' for PhonesController:Class):
  /opt/local/lib/ruby/1.8/webrick/httpserver.rb:104:in `service'
  /opt/local/lib/ruby/1.8/webrick/httpserver.rb:65:in `run'
  /opt/local/lib/ruby/1.8/webrick/server.rb:173:in `start_thread'
  /opt/local/lib/ruby/1.8/webrick/server.rb:162:in `start'
  /opt/local/lib/ruby/1.8/webrick/server.rb:162:in `start_thread'
  /opt/local/lib/ruby/1.8/webrick/server.rb:95:in `start'
  /opt/local/lib/ruby/1.8/webrick/server.rb:92:in `each'
  /opt/local/lib/ruby/1.8/webrick/server.rb:92:in `start'
  /opt/local/lib/ruby/1.8/webrick/server.rb:23:in `start'
  /opt/local/lib/ruby/1.8/webrick/server.rb:82:in `start'

Rendered rescues/_trace (24.2ms)
Rendered rescues/_request_and_response (0.3ms)
Rendering rescues/layout (internal_server_error)


Processing PhonesController#show (for 127.0.0.1 at 2010-06-15 16:43:51) [GET]
  Parameters: {"id"=>"1"}
  [4;36;1mPhone Load (0.3ms)[0m   [0;1mSELECT * FROM "phones" WHERE ("phones"."id" = 1) [0m

ActionView::MissingTemplate (Missing template phones/show.erb in view path app/views):
  app/controllers/phones_controller.rb:19:in `show'
  /opt/local/lib/ruby/1.8/webrick/httpserver.rb:104:in `service'
  /opt/local/lib/ruby/1.8/webrick/httpserver.rb:65:in `run'
  /opt/local/lib/ruby/1.8/webrick/server.rb:173:in `start_thread'
  /opt/local/lib/ruby/1.8/webrick/server.rb:162:in `start'
  /opt/local/lib/ruby/1.8/webrick/server.rb:162:in `start_thread'
  /opt/local/lib/ruby/1.8/webrick/server.rb:95:in `start'
  /opt/local/lib/ruby/1.8/webrick/server.rb:92:in `each'
  /opt/local/lib/ruby/1.8/webrick/server.rb:92:in `start'
  /opt/local/lib/ruby/1.8/webrick/server.rb:23:in `start'
  /opt/local/lib/ruby/1.8/webrick/server.rb:82:in `start'

Rendering rescues/layout (internal_server_error)


Processing PhonesController#show to xml (for 127.0.0.1 at 2010-06-15 16:43:55) [GET]
  Parameters: {"id"=>"1"}
  [4;35;1mPhone Load (0.2ms)[0m   [0mSELECT * FROM "phones" WHERE ("phones"."id" = 1) [0m
Completed in 125ms (View: 119, DB: 0) | 200 OK [http://localhost/phones/1.xml]


Processing CardsController#show to xml (for 127.0.0.1 at 2010-06-15 18:24:51) [GET]
  Parameters: {"id"=>"1"}
  [4;36;1mCard Load (0.3ms)[0m   [0;1mSELECT * FROM "cards" WHERE ("cards"."id" = 1) [0m
Completed in 225ms (View: 171, DB: 0) | 200 OK [http://localhost/cards/1.xml]


Processing ApplicationController#index (for 127.0.0.1 at 2010-06-15 18:25:05) [GET]

ActionController::RoutingError (No route matches "/card/1.xml" with {:method=>:get}):
  /opt/local/lib/ruby/1.8/webrick/httpserver.rb:104:in `service'
  /opt/local/lib/ruby/1.8/webrick/httpserver.rb:65:in `run'
  /opt/local/lib/ruby/1.8/webrick/server.rb:173:in `start_thread'
  /opt/local/lib/ruby/1.8/webrick/server.rb:162:in `start'
  /opt/local/lib/ruby/1.8/webrick/server.rb:162:in `start_thread'
  /opt/local/lib/ruby/1.8/webrick/server.rb:95:in `start'
  /opt/local/lib/ruby/1.8/webrick/server.rb:92:in `each'
  /opt/local/lib/ruby/1.8/webrick/server.rb:92:in `start'
  /opt/local/lib/ruby/1.8/webrick/server.rb:23:in `start'
  /opt/local/lib/ruby/1.8/webrick/server.rb:82:in `start'

Rendering rescues/layout (not_found)


Processing ApplicationController#index (for 127.0.0.1 at 2010-06-15 18:26:44) [GET]

ActionController::RoutingError (No route matches "/card/1.xml" with {:method=>:get}):
  /opt/local/lib/ruby/1.8/webrick/httpserver.rb:104:in `service'
  /opt/local/lib/ruby/1.8/webrick/httpserver.rb:65:in `run'
  /opt/local/lib/ruby/1.8/webrick/server.rb:173:in `start_thread'
  /opt/local/lib/ruby/1.8/webrick/server.rb:162:in `start'
  /opt/local/lib/ruby/1.8/webrick/server.rb:162:in `start_thread'
  /opt/local/lib/ruby/1.8/webrick/server.rb:95:in `start'
  /opt/local/lib/ruby/1.8/webrick/server.rb:92:in `each'
  /opt/local/lib/ruby/1.8/webrick/server.rb:92:in `start'
  /opt/local/lib/ruby/1.8/webrick/server.rb:23:in `start'
  /opt/local/lib/ruby/1.8/webrick/server.rb:82:in `start'

Rendering rescues/layout (not_found)


Processing ApplicationController#index (for 127.0.0.1 at 2010-06-15 18:26:53) [GET]

ActionController::RoutingError (No route matches "/card/1.xml" with {:method=>:get}):
  /opt/local/lib/ruby/1.8/webrick/httpserver.rb:104:in `service'
  /opt/local/lib/ruby/1.8/webrick/httpserver.rb:65:in `run'
  /opt/local/lib/ruby/1.8/webrick/server.rb:173:in `start_thread'
  /opt/local/lib/ruby/1.8/webrick/server.rb:162:in `start'
  /opt/local/lib/ruby/1.8/webrick/server.rb:162:in `start_thread'
  /opt/local/lib/ruby/1.8/webrick/server.rb:95:in `start'
  /opt/local/lib/ruby/1.8/webrick/server.rb:92:in `each'
  /opt/local/lib/ruby/1.8/webrick/server.rb:92:in `start'
  /opt/local/lib/ruby/1.8/webrick/server.rb:23:in `start'
  /opt/local/lib/ruby/1.8/webrick/server.rb:82:in `start'

Rendering rescues/layout (not_found)


Processing ApplicationController#index (for 127.0.0.1 at 2010-06-15 18:27:20) [GET]

ActionController::RoutingError (No route matches "/card/1.xml" with {:method=>:get}):
  /opt/local/lib/ruby/1.8/webrick/httpserver.rb:104:in `service'
  /opt/local/lib/ruby/1.8/webrick/httpserver.rb:65:in `run'
  /opt/local/lib/ruby/1.8/webrick/server.rb:173:in `start_thread'
  /opt/local/lib/ruby/1.8/webrick/server.rb:162:in `start'
  /opt/local/lib/ruby/1.8/webrick/server.rb:162:in `start_thread'
  /opt/local/lib/ruby/1.8/webrick/server.rb:95:in `start'
  /opt/local/lib/ruby/1.8/webrick/server.rb:92:in `each'
  /opt/local/lib/ruby/1.8/webrick/server.rb:92:in `start'
  /opt/local/lib/ruby/1.8/webrick/server.rb:23:in `start'
  /opt/local/lib/ruby/1.8/webrick/server.rb:82:in `start'

Rendering rescues/layout (not_found)


Processing CardsController#show (for 127.0.0.1 at 2010-06-15 19:56:55) [GET]
  Parameters: {"name"=>"hello", "id"=>"1"}
  [4;35;1mCard Load (0.3ms)[0m   [0mSELECT * FROM "cards" WHERE ("cards"."id" = 1) [0m

ActionView::MissingTemplate (Missing template cards/show.erb in view path app/views):
  app/controllers/cards_controller.rb:18:in `show'
  /opt/local/lib/ruby/1.8/webrick/httpserver.rb:104:in `service'
  /opt/local/lib/ruby/1.8/webrick/httpserver.rb:65:in `run'
  /opt/local/lib/ruby/1.8/webrick/server.rb:173:in `start_thread'
  /opt/local/lib/ruby/1.8/webrick/server.rb:162:in `start'
  /opt/local/lib/ruby/1.8/webrick/server.rb:162:in `start_thread'
  /opt/local/lib/ruby/1.8/webrick/server.rb:95:in `start'
  /opt/local/lib/ruby/1.8/webrick/server.rb:92:in `each'
  /opt/local/lib/ruby/1.8/webrick/server.rb:92:in `start'
  /opt/local/lib/ruby/1.8/webrick/server.rb:23:in `start'
  /opt/local/lib/ruby/1.8/webrick/server.rb:82:in `start'

Rendering rescues/layout (internal_server_error)


Processing CardsController#show to xml (for 127.0.0.1 at 2010-06-15 19:57:27) [GET]
  Parameters: {"name"=>"hello", "id"=>"1"}
  [4;36;1mCard Load (0.3ms)[0m   [0;1mSELECT * FROM "cards" WHERE ("cards"."id" = 1) [0m
Completed in 9ms (View: 3, DB: 0) | 200 OK [http://localhost/cards/1.xml?name=hello]


Processing CardsController#show to xml (for 127.0.0.1 at 2010-06-15 19:57:33) [GET]
  Parameters: {"name"=>"hello", "id"=>"1"}
  [4;35;1mCard Load (0.2ms)[0m   [0mSELECT * FROM "cards" WHERE ("cards"."id" = 1) [0m
Completed in 10ms (View: 3, DB: 0) | 200 OK [http://localhost/cards/1.xml?name=hello]


Processing CardsController#store (for 127.0.0.1 at 2010-06-15 20:09:56) [GET]
  Parameters: {"name"=>"hello", "id"=>"1"}

ActionController::UnknownAction (No action responded to store. Actions: create, destroy, edit, index, new, show, and update):
  /opt/local/lib/ruby/1.8/webrick/httpserver.rb:104:in `service'
  /opt/local/lib/ruby/1.8/webrick/httpserver.rb:65:in `run'
  /opt/local/lib/ruby/1.8/webrick/server.rb:173:in `start_thread'
  /opt/local/lib/ruby/1.8/webrick/server.rb:162:in `start'
  /opt/local/lib/ruby/1.8/webrick/server.rb:162:in `start_thread'
  /opt/local/lib/ruby/1.8/webrick/server.rb:95:in `start'
  /opt/local/lib/ruby/1.8/webrick/server.rb:92:in `each'
  /opt/local/lib/ruby/1.8/webrick/server.rb:92:in `start'
  /opt/local/lib/ruby/1.8/webrick/server.rb:23:in `start'
  /opt/local/lib/ruby/1.8/webrick/server.rb:82:in `start'

Rendering rescues/layout (not_found)


Processing CardsController#store (for 127.0.0.1 at 2010-06-15 20:11:02) [GET]
  Parameters: {"name"=>"hello", "id"=>"1"}
  [4;36;1mCard Load (0.3ms)[0m   [0;1mSELECT * FROM "cards" WHERE ("cards"."id" = 1) [0m
Redirected to http://localhost:3000/cards/1
Completed in 49ms (DB: 0) | 302 Found [http://localhost/cards/1/store?name=hello]


Processing CardsController#show (for 127.0.0.1 at 2010-06-15 20:11:02) [GET]
  Parameters: {"id"=>"1"}
  [4;35;1mCard Load (0.2ms)[0m   [0mSELECT * FROM "cards" WHERE ("cards"."id" = 1) [0m

ActionView::MissingTemplate (Missing template cards/show.erb in view path app/views):
  app/controllers/cards_controller.rb:18:in `show'
  /opt/local/lib/ruby/1.8/webrick/httpserver.rb:104:in `service'
  /opt/local/lib/ruby/1.8/webrick/httpserver.rb:65:in `run'
  /opt/local/lib/ruby/1.8/webrick/server.rb:173:in `start_thread'
  /opt/local/lib/ruby/1.8/webrick/server.rb:162:in `start'
  /opt/local/lib/ruby/1.8/webrick/server.rb:162:in `start_thread'
  /opt/local/lib/ruby/1.8/webrick/server.rb:95:in `start'
  /opt/local/lib/ruby/1.8/webrick/server.rb:92:in `each'
  /opt/local/lib/ruby/1.8/webrick/server.rb:92:in `start'
  /opt/local/lib/ruby/1.8/webrick/server.rb:23:in `start'
  /opt/local/lib/ruby/1.8/webrick/server.rb:82:in `start'

Rendering rescues/layout (internal_server_error)


Processing CardsController#store (for 127.0.0.1 at 2010-06-15 20:12:35) [GET]
  Parameters: {"name"=>"hello", "id"=>"1"}
  [4;36;1mCard Load (0.3ms)[0m   [0;1mSELECT * FROM "cards" WHERE ("cards"."id" = 1) [0m
Redirected to http://localhost:3000/cards/1
Completed in 11ms (DB: 0) | 302 Found [http://localhost/cards/1/store?name=hello]


Processing CardsController#show (for 127.0.0.1 at 2010-06-15 20:12:35) [GET]
  Parameters: {"id"=>"1"}
  [4;35;1mCard Load (0.3ms)[0m   [0mSELECT * FROM "cards" WHERE ("cards"."id" = 1) [0m

ActionView::MissingTemplate (Missing template cards/show.erb in view path app/views):
  app/controllers/cards_controller.rb:18:in `show'
  /opt/local/lib/ruby/1.8/webrick/httpserver.rb:104:in `service'
  /opt/local/lib/ruby/1.8/webrick/httpserver.rb:65:in `run'
  /opt/local/lib/ruby/1.8/webrick/server.rb:173:in `start_thread'
  /opt/local/lib/ruby/1.8/webrick/server.rb:162:in `start'
  /opt/local/lib/ruby/1.8/webrick/server.rb:162:in `start_thread'
  /opt/local/lib/ruby/1.8/webrick/server.rb:95:in `start'
  /opt/local/lib/ruby/1.8/webrick/server.rb:92:in `each'
  /opt/local/lib/ruby/1.8/webrick/server.rb:92:in `start'
  /opt/local/lib/ruby/1.8/webrick/server.rb:23:in `start'
  /opt/local/lib/ruby/1.8/webrick/server.rb:82:in `start'

Rendering rescues/layout (internal_server_error)


Processing CardsController#store (for 127.0.0.1 at 2010-06-15 20:12:41) [GET]
  Parameters: {"name"=>"hello", "id"=>"1"}
  [4;36;1mCard Load (0.3ms)[0m   [0;1mSELECT * FROM "cards" WHERE ("cards"."id" = 1) [0m
Redirected to http://localhost:3000/cards/1
Completed in 10ms (DB: 0) | 302 Found [http://localhost/cards/1/store?name=hello]


Processing CardsController#show (for 127.0.0.1 at 2010-06-15 20:12:41) [GET]
  Parameters: {"id"=>"1"}
  [4;35;1mCard Load (0.3ms)[0m   [0mSELECT * FROM "cards" WHERE ("cards"."id" = 1) [0m

ActionView::MissingTemplate (Missing template cards/show.erb in view path app/views):
  app/controllers/cards_controller.rb:18:in `show'
  /opt/local/lib/ruby/1.8/webrick/httpserver.rb:104:in `service'
  /opt/local/lib/ruby/1.8/webrick/httpserver.rb:65:in `run'
  /opt/local/lib/ruby/1.8/webrick/server.rb:173:in `start_thread'
  /opt/local/lib/ruby/1.8/webrick/server.rb:162:in `start'
  /opt/local/lib/ruby/1.8/webrick/server.rb:162:in `start_thread'
  /opt/local/lib/ruby/1.8/webrick/server.rb:95:in `start'
  /opt/local/lib/ruby/1.8/webrick/server.rb:92:in `each'
  /opt/local/lib/ruby/1.8/webrick/server.rb:92:in `start'
  /opt/local/lib/ruby/1.8/webrick/server.rb:23:in `start'
  /opt/local/lib/ruby/1.8/webrick/server.rb:82:in `start'

Rendering rescues/layout (internal_server_error)


Processing CardsController#store (for 127.0.0.1 at 2010-06-15 20:15:14) [GET]
  Parameters: {"name"=>"hello", "id"=>"1"}
  [4;36;1mCard Load (0.3ms)[0m   [0;1mSELECT * FROM "cards" WHERE ("cards"."id" = 1) [0m
Redirected to http://localhost:3000/cards/1
Completed in 11ms (DB: 0) | 302 Found [http://localhost/cards/1/store?name=hello]


Processing CardsController#show (for 127.0.0.1 at 2010-06-15 20:15:14) [GET]
  Parameters: {"id"=>"1"}
  [4;35;1mCard Load (0.3ms)[0m   [0mSELECT * FROM "cards" WHERE ("cards"."id" = 1) [0m

ActionView::MissingTemplate (Missing template cards/show.erb in view path app/views):
  app/controllers/cards_controller.rb:18:in `show'
  /opt/local/lib/ruby/1.8/webrick/httpserver.rb:104:in `service'
  /opt/local/lib/ruby/1.8/webrick/httpserver.rb:65:in `run'
  /opt/local/lib/ruby/1.8/webrick/server.rb:173:in `start_thread'
  /opt/local/lib/ruby/1.8/webrick/server.rb:162:in `start'
  /opt/local/lib/ruby/1.8/webrick/server.rb:162:in `start_thread'
  /opt/local/lib/ruby/1.8/webrick/server.rb:95:in `start'
  /opt/local/lib/ruby/1.8/webrick/server.rb:92:in `each'
  /opt/local/lib/ruby/1.8/webrick/server.rb:92:in `start'
  /opt/local/lib/ruby/1.8/webrick/server.rb:23:in `start'
  /opt/local/lib/ruby/1.8/webrick/server.rb:82:in `start'

Rendering rescues/layout (internal_server_error)


Processing CardsController#store to xml (for 127.0.0.1 at 2010-06-15 20:15:54) [GET]
  Parameters: {"name"=>"hello", "id"=>"1"}
  [4;36;1mCard Load (0.3ms)[0m   [0;1mSELECT * FROM "cards" WHERE ("cards"."id" = 1) [0m
Completed in 12ms (View: 1, DB: 0) | 200 OK [http://localhost/cards/1/store.xml?name=hello]


Processing CardsController#store to xml (for 127.0.0.1 at 2010-06-15 20:16:58) [GET]
  Parameters: {"name"=>"hello", "id"=>"1"}
  [4;35;1mCard Load (0.3ms)[0m   [0mSELECT * FROM "cards" WHERE ("cards"."id" = 1) [0m
Completed in 11ms (View: 1, DB: 0) | 200 OK [http://localhost/cards/1/store.xml?name=hello]


Processing CardsController#store to xml (for 127.0.0.1 at 2010-06-15 20:17:26) [GET]
  Parameters: {"id"=>"1", "card"=>{"name"=>"hello"}}
  [4;36;1mCard Load (0.3ms)[0m   [0;1mSELECT * FROM "cards" WHERE ("cards"."id" = 1) [0m
  [4;35;1mCard Update (27.7ms)[0m   [0mUPDATE "cards" SET "updated_at" = '2010-06-16 00:17:26', "name" = 'hello' WHERE "id" = 1[0m
Completed in 42ms (View: 1, DB: 28) | 200 OK [http://localhost/cards/1/store.xml?card[name]=hello]


Processing CardsController#store to xml (for 127.0.0.1 at 2010-06-15 20:23:37) [GET]
  Parameters: {"id"=>"2", "card"=>{"name"=>"pito salas"}}
  [4;36;1mCard Load (0.3ms)[0m   [0;1mSELECT * FROM "cards" WHERE ("cards"."id" = 2) [0m
  [4;35;1mCard Update (0.4ms)[0m   [0mUPDATE "cards" SET "updated_at" = '2010-06-16 00:23:37', "name" = 'pito salas' WHERE "id" = 2[0m
Completed in 25ms (View: 1, DB: 1) | 200 OK [http://localhost/cards/2/store.xml?card[name]=pito%20salas]


Processing CardsController#store to xml (for 127.0.0.1 at 2010-06-15 20:24:41) [GET]
  Parameters: {"id"=>"5", "card"=>{"name"=>"pito salas"}}
  [4;36;1mCard Load (0.2ms)[0m   [0;1mSELECT * FROM "cards" WHERE ("cards"."id" = 5) [0m

ActiveRecord::RecordNotFound (Couldn't find Card with ID=5):
  app/controllers/cards_controller.rb:75:in `store'
  /opt/local/lib/ruby/1.8/webrick/httpserver.rb:104:in `service'
  /opt/local/lib/ruby/1.8/webrick/httpserver.rb:65:in `run'
  /opt/local/lib/ruby/1.8/webrick/server.rb:173:in `start_thread'
  /opt/local/lib/ruby/1.8/webrick/server.rb:162:in `start'
  /opt/local/lib/ruby/1.8/webrick/server.rb:162:in `start_thread'
  /opt/local/lib/ruby/1.8/webrick/server.rb:95:in `start'
  /opt/local/lib/ruby/1.8/webrick/server.rb:92:in `each'
  /opt/local/lib/ruby/1.8/webrick/server.rb:92:in `start'
  /opt/local/lib/ruby/1.8/webrick/server.rb:23:in `start'
  /opt/local/lib/ruby/1.8/webrick/server.rb:82:in `start'

Rendered rescues/_trace (48.2ms)
Rendered rescues/_request_and_response (1.7ms)
Rendering rescues/layout (not_found)


Processing CardsController#store to xml (for 127.0.0.1 at 2010-06-15 20:25:17) [GET]
  Parameters: {"id"=>"5", "card"=>{"name"=>"pito salas"}}
  [4;35;1mCard Load (0.2ms)[0m   [0mSELECT * FROM "cards" WHERE ("cards"."id" = 5) [0m

ActiveRecord::RecordNotFound (Couldn't find Card with ID=5):
  app/controllers/cards_controller.rb:75:in `store'
  /opt/local/lib/ruby/1.8/webrick/httpserver.rb:104:in `service'
  /opt/local/lib/ruby/1.8/webrick/httpserver.rb:65:in `run'
  /opt/local/lib/ruby/1.8/webrick/server.rb:173:in `start_thread'
  /opt/local/lib/ruby/1.8/webrick/server.rb:162:in `start'
  /opt/local/lib/ruby/1.8/webrick/server.rb:162:in `start_thread'
  /opt/local/lib/ruby/1.8/webrick/server.rb:95:in `start'
  /opt/local/lib/ruby/1.8/webrick/server.rb:92:in `each'
  /opt/local/lib/ruby/1.8/webrick/server.rb:92:in `start'
  /opt/local/lib/ruby/1.8/webrick/server.rb:23:in `start'
  /opt/local/lib/ruby/1.8/webrick/server.rb:82:in `start'

Rendered rescues/_trace (46.6ms)
Rendered rescues/_request_and_response (0.5ms)
Rendering rescues/layout (not_found)


Processing CardsController#store to xml (for 127.0.0.1 at 2010-06-15 20:27:11) [GET]
  Parameters: {"id"=>"5", "card"=>{"name"=>"pito salas"}}
  [4;36;1mCard Load (0.2ms)[0m   [0;1mSELECT * FROM "cards" WHERE ("cards"."id" = 5) [0m
  [4;35;1mCard Create (32.4ms)[0m   [0mINSERT INTO "cards" ("name", "created_at", "office_phone", "updated_at", "home_phone") VALUES('pito salas', '2010-06-16 00:27:11', NULL, '2010-06-16 00:27:11', NULL)[0m
Completed in 60ms (View: 1, DB: 33) | 200 OK [http://localhost/cards/5/store.xml?card[name]=pito%20salas]
  [4;36;1mCard Load (0.5ms)[0m   [0;1mSELECT * FROM "cards" [0m


Processing CardsController#destroy to xml (for 127.0.0.1 at 2010-06-16 16:29:39) [DELETE]
  Parameters: {"id"=>"1"}
  [4;36;1mCard Load (0.1ms)[0m   [0;1mSELECT * FROM "cards" WHERE ("cards"."id" = 1) [0m
  [4;35;1mCard Destroy (0.3ms)[0m   [0mDELETE FROM "cards" WHERE "id" = 1[0m
Completed in 52ms (View: 1, DB: 0) | 200 OK [http://localhost/cards/1.xml]
  [4;36;1mCard Load (0.4ms)[0m   [0;1mSELECT * FROM "cards" [0m


Processing CardsController#create to xml (for 127.0.0.1 at 2010-06-16 16:38:10) [POST]
  Parameters: {"card"=>{"name"=>"newcard", "home_phone"=>"2", "office_phone"=>"3"}}

ActionController::InvalidAuthenticityToken (ActionController::InvalidAuthenticityToken):
  <internal:prelude>:8:in `synchronize'
  /Users/gabe/.rvm/rubies/ruby-1.9.1-p378/lib/ruby/1.9.1/webrick/httpserver.rb:111:in `service'
  /Users/gabe/.rvm/rubies/ruby-1.9.1-p378/lib/ruby/1.9.1/webrick/httpserver.rb:70:in `run'
  /Users/gabe/.rvm/rubies/ruby-1.9.1-p378/lib/ruby/1.9.1/webrick/server.rb:183:in `block in start_thread'

Rendered rescues/_trace (55.7ms)
Rendered rescues/_request_and_response (1.2ms)
Rendering rescues/layout (unprocessable_entity)


Processing ApplicationController#index (for 127.0.0.1 at 2010-06-16 16:41:51) [GET]

ActionController::RoutingError (No route matches "/users" with {:method=>:get}):
  <internal:prelude>:8:in `synchronize'
  /Users/gabe/.rvm/rubies/ruby-1.9.1-p378/lib/ruby/1.9.1/webrick/httpserver.rb:111:in `service'
  /Users/gabe/.rvm/rubies/ruby-1.9.1-p378/lib/ruby/1.9.1/webrick/httpserver.rb:70:in `run'
  /Users/gabe/.rvm/rubies/ruby-1.9.1-p378/lib/ruby/1.9.1/webrick/server.rb:183:in `block in start_thread'

Rendering rescues/layout (not_found)


Processing ApplicationController#index (for 127.0.0.1 at 2010-06-16 16:41:54) [GET]

ActionController::RoutingError (No route matches "/login" with {:method=>:get}):
  <internal:prelude>:8:in `synchronize'
  /Users/gabe/.rvm/rubies/ruby-1.9.1-p378/lib/ruby/1.9.1/webrick/httpserver.rb:111:in `service'
  /Users/gabe/.rvm/rubies/ruby-1.9.1-p378/lib/ruby/1.9.1/webrick/httpserver.rb:70:in `run'
  /Users/gabe/.rvm/rubies/ruby-1.9.1-p378/lib/ruby/1.9.1/webrick/server.rb:183:in `block in start_thread'

Rendering rescues/layout (not_found)


Processing CardsController#create to xml (for 127.0.0.1 at 2010-06-16 16:45:29) [POST]
  Parameters: {"card"=>{"name"=>"newcard", "home_phone"=>"", "office_phone"=>""}}

ActiveRecord::AssociationTypeMismatch (Phone(#2167965492) expected, got String(#2152049396)):
  app/controllers/cards_controller.rb:43:in `new'
  app/controllers/cards_controller.rb:43:in `create'
  <internal:prelude>:8:in `synchronize'
  /Users/gabe/.rvm/rubies/ruby-1.9.1-p378/lib/ruby/1.9.1/webrick/httpserver.rb:111:in `service'
  /Users/gabe/.rvm/rubies/ruby-1.9.1-p378/lib/ruby/1.9.1/webrick/httpserver.rb:70:in `run'
  /Users/gabe/.rvm/rubies/ruby-1.9.1-p378/lib/ruby/1.9.1/webrick/server.rb:183:in `block in start_thread'

Rendered rescues/_trace (61.0ms)
Rendered rescues/_request_and_response (1.2ms)
Rendering rescues/layout (internal_server_error)


Processing CardsController#create to xml (for 127.0.0.1 at 2010-06-16 16:46:20) [POST]
  Parameters: {"card"=>{"name"=>"newcard"}}
  [4;36;1mCard Create (0.4ms)[0m   [0;1mINSERT INTO "cards" ("name", "home_phone", "office_phone", "created_at", "updated_at") VALUES('newcard', NULL, NULL, '2010-06-16 20:46:20', '2010-06-16 20:46:20')[0m
Completed in 118ms (View: 56, DB: 0) | 201 Created [http://localhost/cards.xml]


Processing CardsController#create to xml (for 127.0.0.1 at 2010-06-16 16:46:53) [POST]
  Parameters: {"card"=>{"name"=>"newcard", "home_phone"=>"2"}}

ActiveRecord::AssociationTypeMismatch (Phone(#2160025532) expected, got String(#2152049396)):
  app/controllers/cards_controller.rb:43:in `new'
  app/controllers/cards_controller.rb:43:in `create'
  <internal:prelude>:8:in `synchronize'
  /Users/gabe/.rvm/rubies/ruby-1.9.1-p378/lib/ruby/1.9.1/webrick/httpserver.rb:111:in `service'
  /Users/gabe/.rvm/rubies/ruby-1.9.1-p378/lib/ruby/1.9.1/webrick/httpserver.rb:70:in `run'
  /Users/gabe/.rvm/rubies/ruby-1.9.1-p378/lib/ruby/1.9.1/webrick/server.rb:183:in `block in start_thread'

Rendered rescues/_trace (57.9ms)
Rendered rescues/_request_and_response (0.3ms)
Rendering rescues/layout (internal_server_error)


Processing CardsController#create to xml (for 127.0.0.1 at 2010-06-16 17:41:43) [POST]
  Parameters: {"card"=>{"name"=>"wwwnewcard", "home_phone"=>"2"}}

ActiveRecord::AssociationTypeMismatch (Phone(#2167777976) expected, got String(#2152049396)):
  app/controllers/cards_controller.rb:43:in `new'
  app/controllers/cards_controller.rb:43:in `create'
  <internal:prelude>:8:in `synchronize'
  /Users/gabe/.rvm/rubies/ruby-1.9.1-p378/lib/ruby/1.9.1/webrick/httpserver.rb:111:in `service'
  /Users/gabe/.rvm/rubies/ruby-1.9.1-p378/lib/ruby/1.9.1/webrick/httpserver.rb:70:in `run'
  /Users/gabe/.rvm/rubies/ruby-1.9.1-p378/lib/ruby/1.9.1/webrick/server.rb:183:in `block in start_thread'

Rendered rescues/_trace (62.1ms)
Rendered rescues/_request_and_response (1.1ms)
Rendering rescues/layout (internal_server_error)


Processing CardsController#create to xml (for 127.0.0.1 at 2010-06-16 17:42:10) [POST]
  Parameters: {"card"=>{"name"=>"wwwnewcard", "home_phone"=>"2"}}
  [4;36;1mCard Create (0.7ms)[0m   [0;1mINSERT INTO "cards" ("name", "home_phone", "office_phone", "created_at", "updated_at") VALUES('wwwnewcard', 2, NULL, '2010-06-16 21:42:10', '2010-06-16 21:42:10')[0m
Completed in 110ms (View: 54, DB: 1) | 201 Created [http://localhost/cards.xml]


Processing CardsController#newcard (for 127.0.0.1 at 2010-06-16 17:42:42) [GET]
  Parameters: {"id"=>"get_id_for_card_with_name"}

ActionController::UnknownAction (No action responded to newcard. Actions: create, destroy, edit, get_id_for_card_with_name, index, new, show, store, and update):
  <internal:prelude>:8:in `synchronize'
  /Users/gabe/.rvm/rubies/ruby-1.9.1-p378/lib/ruby/1.9.1/webrick/httpserver.rb:111:in `service'
  /Users/gabe/.rvm/rubies/ruby-1.9.1-p378/lib/ruby/1.9.1/webrick/httpserver.rb:70:in `run'
  /Users/gabe/.rvm/rubies/ruby-1.9.1-p378/lib/ruby/1.9.1/webrick/server.rb:183:in `block in start_thread'

Rendering rescues/layout (not_found)


Processing CardsController#show to xml (for 127.0.0.1 at 2010-06-16 17:43:15) [GET]
  Parameters: {"id"=>"get_id_for_card_with_name"}
  [4;35;1mCard Load (0.1ms)[0m   [0mSELECT * FROM "cards" WHERE ("cards"."id" = 0) [0m

ActiveRecord::RecordNotFound (Couldn't find Card with ID=get_id_for_card_with_name):
  app/controllers/cards_controller.rb:16:in `show'
  <internal:prelude>:8:in `synchronize'
  /Users/gabe/.rvm/rubies/ruby-1.9.1-p378/lib/ruby/1.9.1/webrick/httpserver.rb:111:in `service'
  /Users/gabe/.rvm/rubies/ruby-1.9.1-p378/lib/ruby/1.9.1/webrick/httpserver.rb:70:in `run'
  /Users/gabe/.rvm/rubies/ruby-1.9.1-p378/lib/ruby/1.9.1/webrick/server.rb:183:in `block in start_thread'

Rendered rescues/_trace (57.6ms)
Rendered rescues/_request_and_response (1.2ms)
Rendering rescues/layout (not_found)


Processing CardsController#show to xml (for 127.0.0.1 at 2010-06-16 17:43:31) [GET]
  Parameters: {"id"=>"get_id_for_card_with_name"}
  [4;36;1mCard Load (0.1ms)[0m   [0;1mSELECT * FROM "cards" WHERE ("cards"."id" = 0) [0m

ActiveRecord::RecordNotFound (Couldn't find Card with ID=get_id_for_card_with_name):
  app/controllers/cards_controller.rb:16:in `show'
  <internal:prelude>:8:in `synchronize'
  /Users/gabe/.rvm/rubies/ruby-1.9.1-p378/lib/ruby/1.9.1/webrick/httpserver.rb:111:in `service'
  /Users/gabe/.rvm/rubies/ruby-1.9.1-p378/lib/ruby/1.9.1/webrick/httpserver.rb:70:in `run'
  /Users/gabe/.rvm/rubies/ruby-1.9.1-p378/lib/ruby/1.9.1/webrick/server.rb:183:in `block in start_thread'

Rendered rescues/_trace (92.8ms)
Rendered rescues/_request_and_response (0.3ms)
Rendering rescues/layout (not_found)


Processing CardsController#show to xml (for 127.0.0.1 at 2010-06-16 17:44:34) [GET]
  Parameters: {"card"=>{"name"=>"newcard"}, "id"=>"get_id_for_card_with_name"}
  [4;36;1mCard Load (0.1ms)[0m   [0;1mSELECT * FROM "cards" WHERE ("cards"."id" = 0) [0m

ActiveRecord::RecordNotFound (Couldn't find Card with ID=get_id_for_card_with_name):
  app/controllers/cards_controller.rb:16:in `show'
  <internal:prelude>:8:in `synchronize'
  /Users/gabe/.rvm/rubies/ruby-1.9.1-p378/lib/ruby/1.9.1/webrick/httpserver.rb:111:in `service'
  /Users/gabe/.rvm/rubies/ruby-1.9.1-p378/lib/ruby/1.9.1/webrick/httpserver.rb:70:in `run'
  /Users/gabe/.rvm/rubies/ruby-1.9.1-p378/lib/ruby/1.9.1/webrick/server.rb:183:in `block in start_thread'

Rendered rescues/_trace (55.0ms)
Rendered rescues/_request_and_response (1.2ms)
Rendering rescues/layout (not_found)


Processing ApplicationController#index (for 127.0.0.1 at 2010-06-16 17:45:58) [GET]
  Parameters: {"card"=>{"name"=>"newcard"}}

ActionController::RoutingError (No route matches "/get_id_for_card_with_name.xml" with {:method=>:get}):
  <internal:prelude>:8:in `synchronize'
  /Users/gabe/.rvm/rubies/ruby-1.9.1-p378/lib/ruby/1.9.1/webrick/httpserver.rb:111:in `service'
  /Users/gabe/.rvm/rubies/ruby-1.9.1-p378/lib/ruby/1.9.1/webrick/httpserver.rb:70:in `run'
  /Users/gabe/.rvm/rubies/ruby-1.9.1-p378/lib/ruby/1.9.1/webrick/server.rb:183:in `block in start_thread'

Rendering rescues/layout (not_found)


Processing ApplicationController#index (for 127.0.0.1 at 2010-06-16 17:46:02) [GET]
  Parameters: {"card"=>{"name"=>"newcard"}}

ActionController::RoutingError (No route matches "/get_id_for_card_with_name.xml" with {:method=>:get}):
  <internal:prelude>:8:in `synchronize'
  /Users/gabe/.rvm/rubies/ruby-1.9.1-p378/lib/ruby/1.9.1/webrick/httpserver.rb:111:in `service'
  /Users/gabe/.rvm/rubies/ruby-1.9.1-p378/lib/ruby/1.9.1/webrick/httpserver.rb:70:in `run'
  /Users/gabe/.rvm/rubies/ruby-1.9.1-p378/lib/ruby/1.9.1/webrick/server.rb:183:in `block in start_thread'

Rendering rescues/layout (not_found)


Processing CardsController#index to xml (for 127.0.0.1 at 2010-06-16 17:47:15) [GET]
  [4;36;1mCard Load (0.5ms)[0m   [0;1mSELECT * FROM "cards" [0m
Completed in 82ms (View: 79, DB: 1) | 200 OK [http://localhost/cards.xml]


Processing CardsController#index to xml (for 127.0.0.1 at 2010-06-16 17:47:22) [GET]
  [4;35;1mCard Load (0.4ms)[0m   [0mSELECT * FROM "cards" [0m
Completed in 8ms (View: 5, DB: 0) | 200 OK [http://localhost/cards.xml]


Processing CardsController#index to xml (for 127.0.0.1 at 2010-06-16 17:47:36) [GET]
  [4;36;1mCard Load (0.4ms)[0m   [0;1mSELECT * FROM "cards" [0m
Completed in 8ms (View: 5, DB: 0) | 200 OK [http://localhost/cards.xml]


Processing CardsController#index to xml (for 127.0.0.1 at 2010-06-16 17:47:42) [GET]
  [4;35;1mCard Load (0.4ms)[0m   [0mSELECT * FROM "cards" [0m
Completed in 35ms (View: 32, DB: 0) | 200 OK [http://localhost/cards.xml]


Processing CardsController#index to xml (for 127.0.0.1 at 2010-06-16 17:48:19) [GET]
  [4;36;1mCard Load (0.4ms)[0m   [0;1mSELECT * FROM "cards" [0m
Completed in 7ms (View: 4, DB: 0) | 200 OK [http://localhost/cards.xml]


Processing CardsController#index to xml (for 127.0.0.1 at 2010-06-16 17:48:38) [GET]
  [4;35;1mCard Load (0.4ms)[0m   [0mSELECT * FROM "cards" [0m
Completed in 7ms (View: 4, DB: 0) | 200 OK [http://localhost/cards.xml]


Processing CardsController#index to xml (for 127.0.0.1 at 2010-06-16 17:48:49) [GET]
  [4;36;1mCard Load (0.4ms)[0m   [0;1mSELECT * FROM "cards" [0m
Completed in 8ms (View: 5, DB: 0) | 200 OK [http://localhost/cards.xml]


Processing CardsController#index to xml (for 127.0.0.1 at 2010-06-16 17:49:05) [GET]
  [4;35;1mCard Load (0.4ms)[0m   [0mSELECT * FROM "cards" [0m
Completed in 8ms (View: 5, DB: 0) | 200 OK [http://localhost/cards.xml]


Processing CardsController#index to xml (for 127.0.0.1 at 2010-06-16 17:49:32) [GET]
  [4;36;1mCard Load (0.4ms)[0m   [0;1mSELECT * FROM "cards" [0m
Completed in 8ms (View: 5, DB: 0) | 200 OK [http://localhost/cards.xml]


Processing CardsController#index to xml (for 127.0.0.1 at 2010-06-16 17:49:42) [GET]
  [4;35;1mCard Load (0.4ms)[0m   [0mSELECT * FROM "cards" [0m
Completed in 8ms (View: 5, DB: 0) | 200 OK [http://localhost/cards.xml]


Processing CardsController#index to xml (for 127.0.0.1 at 2010-06-16 17:49:47) [GET]
  [4;36;1mCard Load (0.4ms)[0m   [0;1mSELECT * FROM "cards" [0m
Completed in 8ms (View: 4, DB: 0) | 200 OK [http://localhost/cards.xml]


Processing CardsController#index to xml (for 127.0.0.1 at 2010-06-16 17:49:54) [GET]
  [4;35;1mCard Load (0.4ms)[0m   [0mSELECT * FROM "cards" [0m
Completed in 7ms (View: 4, DB: 0) | 200 OK [http://localhost/cards.xml]


Processing CardsController#index to xml (for 127.0.0.1 at 2010-06-16 17:50:01) [GET]
  [4;36;1mCard Load (0.4ms)[0m   [0;1mSELECT * FROM "cards" [0m
Completed in 7ms (View: 4, DB: 0) | 200 OK [http://localhost/cards.xml]


Processing CardsController#index to xml (for 127.0.0.1 at 2010-06-16 17:50:18) [GET]
  [4;35;1mCard Load (0.4ms)[0m   [0mSELECT * FROM "cards" [0m
Completed in 8ms (View: 5, DB: 0) | 200 OK [http://localhost/cards.xml]


Processing CardsController#index to xml (for 127.0.0.1 at 2010-06-16 17:50:25) [GET]
  [4;36;1mCard Load (0.4ms)[0m   [0;1mSELECT * FROM "cards" [0m
Completed in 7ms (View: 4, DB: 0) | 200 OK [http://localhost/cards.xml]


Processing CardsController#index to xml (for 127.0.0.1 at 2010-06-16 17:50:35) [GET]
  [4;35;1mCard Load (0.4ms)[0m   [0mSELECT * FROM "cards" [0m
Completed in 7ms (View: 4, DB: 0) | 200 OK [http://localhost/cards.xml]


Processing CardsController#index to xml (for 127.0.0.1 at 2010-06-16 17:50:43) [GET]
  [4;36;1mCard Load (0.4ms)[0m   [0;1mSELECT * FROM "cards" [0m
Completed in 8ms (View: 5, DB: 0) | 200 OK [http://localhost/cards.xml]


Processing CardsController#index to xml (for 127.0.0.1 at 2010-06-16 17:51:16) [GET]
  [4;35;1mCard Load (0.4ms)[0m   [0mSELECT * FROM "cards" [0m
Completed in 8ms (View: 5, DB: 0) | 200 OK [http://localhost/cards.xml]


Processing CardsController#index to xml (for 127.0.0.1 at 2010-06-16 17:51:25) [GET]
  [4;36;1mCard Load (0.4ms)[0m   [0;1mSELECT * FROM "cards" [0m
Completed in 8ms (View: 5, DB: 0) | 200 OK [http://localhost/cards.xml]


Processing CardsController#create to xml (for 127.0.0.1 at 2010-06-16 18:30:12) [POST]
  Parameters: {"card"=>{"name"=>"Pito"}}
  [4;36;1mCard Create (0.4ms)[0m   [0;1mINSERT INTO "cards" ("name", "home_phone", "office_phone", "created_at", "updated_at") VALUES('Pito', NULL, NULL, '2010-06-16 22:30:12', '2010-06-16 22:30:12')[0m
Completed in 177ms (View: 54, DB: 0) | 201 Created [http://localhost/cards.xml]


Processing CardsController#index to xml (for 127.0.0.1 at 2010-06-16 18:30:18) [GET]
  [4;35;1mCard Load (0.5ms)[0m   [0mSELECT * FROM "cards" [0m
Completed in 33ms (View: 5, DB: 0) | 200 OK [http://localhost/cards.xml]


Processing CardsController#index to xml (for 127.0.0.1 at 2010-06-16 18:30:38) [GET]
  [4;36;1mCard Load (0.4ms)[0m   [0;1mSELECT * FROM "cards" [0m
Completed in 9ms (View: 5, DB: 0) | 200 OK [http://localhost/cards.xml]


Processing CardsController#destroy to xml (for 127.0.0.1 at 2010-06-16 18:30:38) [DELETE]
  Parameters: {"id"=>"6"}
  [4;35;1mCard Load (0.1ms)[0m   [0mSELECT * FROM "cards" WHERE ("cards"."id" = 6) [0m
  [4;36;1mCard Destroy (0.2ms)[0m   [0;1mDELETE FROM "cards" WHERE "id" = 6[0m
Completed in 7ms (View: 1, DB: 0) | 200 OK [http://localhost/cards/6.xml]


Processing CardsController#create to xml (for 127.0.0.1 at 2010-06-16 18:30:57) [POST]
  Parameters: {"card"=>{"name"=>"Pito"}}
  [4;35;1mCard Create (0.2ms)[0m   [0mINSERT INTO "cards" ("name", "home_phone", "office_phone", "created_at", "updated_at") VALUES('Pito', NULL, NULL, '2010-06-16 22:30:57', '2010-06-16 22:30:57')[0m
Completed in 8ms (View: 2, DB: 0) | 201 Created [http://localhost/cards.xml]


Processing CardsController#index to xml (for 127.0.0.1 at 2010-06-16 18:31:02) [GET]
  [4;36;1mCard Load (0.5ms)[0m   [0;1mSELECT * FROM "cards" [0m
Completed in 9ms (View: 5, DB: 0) | 200 OK [http://localhost/cards.xml]


Processing CardsController#destroy to xml (for 127.0.0.1 at 2010-06-16 18:31:02) [DELETE]
  Parameters: {"id"=>"7"}
  [4;35;1mCard Load (0.1ms)[0m   [0mSELECT * FROM "cards" WHERE ("cards"."id" = 7) [0m
  [4;36;1mCard Destroy (0.5ms)[0m   [0;1mDELETE FROM "cards" WHERE "id" = 7[0m
Completed in 8ms (View: 1, DB: 1) | 200 OK [http://localhost/cards/7.xml]


Processing CardsController#create to xml (for 127.0.0.1 at 2010-06-16 18:31:16) [POST]
  Parameters: {"card"=>{"name"=>"Pito"}}
  [4;35;1mCard Create (0.2ms)[0m   [0mINSERT INTO "cards" ("name", "home_phone", "office_phone", "created_at", "updated_at") VALUES('Pito', NULL, NULL, '2010-06-16 22:31:16', '2010-06-16 22:31:16')[0m
Completed in 10ms (View: 2, DB: 0) | 201 Created [http://localhost/cards.xml]


Processing CardsController#create to xml (for 127.0.0.1 at 2010-06-16 18:31:20) [POST]
  Parameters: {"card"=>{"name"=>"p"}}
  [4;36;1mCard Create (0.2ms)[0m   [0;1mINSERT INTO "cards" ("name", "home_phone", "office_phone", "created_at", "updated_at") VALUES('p', NULL, NULL, '2010-06-16 22:31:20', '2010-06-16 22:31:20')[0m
Completed in 10ms (View: 2, DB: 0) | 201 Created [http://localhost/cards.xml]


Processing CardsController#create to xml (for 127.0.0.1 at 2010-06-16 18:31:29) [POST]
  Parameters: {"card"=>{"name"=>"p"}}
  [4;35;1mCard Create (0.4ms)[0m   [0mINSERT INTO "cards" ("name", "home_phone", "office_phone", "created_at", "updated_at") VALUES('p', NULL, NULL, '2010-06-16 22:31:29', '2010-06-16 22:31:29')[0m
Completed in 41ms (View: 2, DB: 0) | 201 Created [http://localhost/cards.xml]


Processing CardsController#create to xml (for 127.0.0.1 at 2010-06-16 18:31:37) [POST]
  Parameters: {"card"=>{"name"=>"p"}}
  [4;36;1mCard Create (0.3ms)[0m   [0;1mINSERT INTO "cards" ("name", "home_phone", "office_phone", "created_at", "updated_at") VALUES('p', NULL, NULL, '2010-06-16 22:31:37', '2010-06-16 22:31:37')[0m
Completed in 10ms (View: 2, DB: 0) | 201 Created [http://localhost/cards.xml]


Processing CardsController#index to xml (for 127.0.0.1 at 2010-06-16 18:31:47) [GET]
  [4;35;1mCard Load (0.4ms)[0m   [0mSELECT * FROM "cards" [0m
Completed in 10ms (View: 7, DB: 0) | 200 OK [http://localhost/cards.xml]
  [4;36;1mCard Load (0.5ms)[0m   [0;1mSELECT * FROM "cards" [0m
  [4;36;1mCard Load (0.5ms)[0m   [0;1mSELECT * FROM "cards" [0m
  [4;36;1mCard Load (0.5ms)[0m   [0;1mSELECT * FROM "cards" [0m


Processing CardsController#index to xml (for 127.0.0.1 at 2010-06-16 18:49:51) [GET]
  [4;36;1mCard Load (0.5ms)[0m   [0;1mSELECT * FROM "cards" [0m
Completed in 10ms (View: 7, DB: 0) | 200 OK [http://localhost/cards.xml]


Processing CardsController#index to xml (for 127.0.0.1 at 2010-06-16 18:54:07) [GET]
  [4;35;1mCard Load (0.4ms)[0m   [0mSELECT * FROM "cards" [0m
Completed in 10ms (View: 7, DB: 0) | 200 OK [http://localhost/cards.xml]


Processing CardsController#index to xml (for 127.0.0.1 at 2010-06-16 18:54:21) [GET]
  [4;36;1mCard Load (0.4ms)[0m   [0;1mSELECT * FROM "cards" [0m
Completed in 10ms (View: 7, DB: 0) | 200 OK [http://localhost/cards.xml]


Processing CardsController#index to xml (for 127.0.0.1 at 2010-06-16 18:54:37) [GET]
  [4;35;1mCard Load (0.5ms)[0m   [0mSELECT * FROM "cards" [0m
Completed in 10ms (View: 7, DB: 0) | 200 OK [http://localhost/cards.xml]


Processing CardsController#index to xml (for 127.0.0.1 at 2010-06-16 18:55:10) [GET]
  [4;36;1mCard Load (0.5ms)[0m   [0;1mSELECT * FROM "cards" [0m
Completed in 44ms (View: 7, DB: 0) | 200 OK [http://localhost/cards.xml]


Processing CardsController#index to xml (for 127.0.0.1 at 2010-06-16 18:55:38) [GET]
  [4;35;1mCard Load (0.4ms)[0m   [0mSELECT * FROM "cards" [0m
Completed in 10ms (View: 7, DB: 0) | 200 OK [http://localhost/cards.xml]


Processing CardsController#index to xml (for 127.0.0.1 at 2010-06-16 18:56:14) [GET]
  [4;36;1mCard Load (0.5ms)[0m   [0;1mSELECT * FROM "cards" [0m
Completed in 10ms (View: 7, DB: 0) | 200 OK [http://localhost/cards.xml]


Processing CardsController#index to xml (for 127.0.0.1 at 2010-06-16 18:59:16) [GET]
  [4;35;1mCard Load (0.4ms)[0m   [0mSELECT * FROM "cards" [0m
Completed in 10ms (View: 7, DB: 0) | 200 OK [http://localhost/cards.xml]


Processing CardsController#index to xml (for 127.0.0.1 at 2010-06-16 18:59:26) [GET]
  [4;36;1mCard Load (0.4ms)[0m   [0;1mSELECT * FROM "cards" [0m
Completed in 10ms (View: 7, DB: 0) | 200 OK [http://localhost/cards.xml]


Processing CardsController#index to xml (for 127.0.0.1 at 2010-06-16 18:59:48) [GET]
  [4;35;1mCard Load (0.4ms)[0m   [0mSELECT * FROM "cards" [0m
Completed in 10ms (View: 7, DB: 0) | 200 OK [http://localhost/cards.xml]


Processing CardsController#index to xml (for 127.0.0.1 at 2010-06-16 19:00:10) [GET]
  [4;36;1mCard Load (0.6ms)[0m   [0;1mSELECT * FROM "cards" [0m
Completed in 10ms (View: 7, DB: 1) | 200 OK [http://localhost/cards.xml]


Processing ApplicationController#index (for 127.0.0.1 at 2010-06-16 19:00:10) [GET]

ActionController::RoutingError (No route matches "/cards/.xml" with {:method=>:get}):
  <internal:prelude>:8:in `synchronize'
  /Users/gabe/.rvm/rubies/ruby-1.9.1-p378/lib/ruby/1.9.1/webrick/httpserver.rb:111:in `service'
  /Users/gabe/.rvm/rubies/ruby-1.9.1-p378/lib/ruby/1.9.1/webrick/httpserver.rb:70:in `run'
  /Users/gabe/.rvm/rubies/ruby-1.9.1-p378/lib/ruby/1.9.1/webrick/server.rb:183:in `block in start_thread'

Rendering rescues/layout (not_found)


Processing CardsController#index to xml (for 127.0.0.1 at 2010-06-16 19:01:37) [GET]
  [4;35;1mCard Load (0.5ms)[0m   [0mSELECT * FROM "cards" [0m
Completed in 10ms (View: 7, DB: 0) | 200 OK [http://localhost/cards.xml]


Processing ApplicationController#index (for 127.0.0.1 at 2010-06-16 19:01:37) [GET]

ActionController::RoutingError (No route matches "/cards/.xml" with {:method=>:get}):
  <internal:prelude>:8:in `synchronize'
  /Users/gabe/.rvm/rubies/ruby-1.9.1-p378/lib/ruby/1.9.1/webrick/httpserver.rb:111:in `service'
  /Users/gabe/.rvm/rubies/ruby-1.9.1-p378/lib/ruby/1.9.1/webrick/httpserver.rb:70:in `run'
  /Users/gabe/.rvm/rubies/ruby-1.9.1-p378/lib/ruby/1.9.1/webrick/server.rb:183:in `block in start_thread'

Rendering rescues/layout (not_found)


Processing CardsController#index to xml (for 127.0.0.1 at 2010-06-16 19:02:02) [GET]
  [4;36;1mCard Load (0.5ms)[0m   [0;1mSELECT * FROM "cards" [0m
Completed in 10ms (View: 7, DB: 0) | 200 OK [http://localhost/cards.xml]


Processing ApplicationController#index (for 127.0.0.1 at 2010-06-16 19:02:02) [GET]

ActionController::RoutingError (No route matches "/cards/.xml" with {:method=>:get}):
  <internal:prelude>:8:in `synchronize'
  /Users/gabe/.rvm/rubies/ruby-1.9.1-p378/lib/ruby/1.9.1/webrick/httpserver.rb:111:in `service'
  /Users/gabe/.rvm/rubies/ruby-1.9.1-p378/lib/ruby/1.9.1/webrick/httpserver.rb:70:in `run'
  /Users/gabe/.rvm/rubies/ruby-1.9.1-p378/lib/ruby/1.9.1/webrick/server.rb:183:in `block in start_thread'

Rendering rescues/layout (not_found)


Processing CardsController#index to xml (for 127.0.0.1 at 2010-06-16 19:02:06) [GET]
  [4;35;1mCard Load (0.4ms)[0m   [0mSELECT * FROM "cards" [0m
Completed in 10ms (View: 6, DB: 0) | 200 OK [http://localhost/cards.xml]


Processing ApplicationController#index (for 127.0.0.1 at 2010-06-16 19:02:06) [GET]

ActionController::RoutingError (No route matches "/cards/.xml" with {:method=>:get}):
  <internal:prelude>:8:in `synchronize'
  /Users/gabe/.rvm/rubies/ruby-1.9.1-p378/lib/ruby/1.9.1/webrick/httpserver.rb:111:in `service'
  /Users/gabe/.rvm/rubies/ruby-1.9.1-p378/lib/ruby/1.9.1/webrick/httpserver.rb:70:in `run'
  /Users/gabe/.rvm/rubies/ruby-1.9.1-p378/lib/ruby/1.9.1/webrick/server.rb:183:in `block in start_thread'

Rendering rescues/layout (not_found)


Processing CardsController#index to xml (for 127.0.0.1 at 2010-06-16 19:02:16) [GET]
  [4;36;1mCard Load (0.5ms)[0m   [0;1mSELECT * FROM "cards" [0m
Completed in 10ms (View: 7, DB: 0) | 200 OK [http://localhost/cards.xml]


Processing CardsController#index to xml (for 127.0.0.1 at 2010-06-16 19:03:09) [GET]
  [4;35;1mCard Load (0.4ms)[0m   [0mSELECT * FROM "cards" [0m
Completed in 45ms (View: 42, DB: 0) | 200 OK [http://localhost/cards.xml]


Processing CardsController#index to xml (for 127.0.0.1 at 2010-06-16 19:03:20) [GET]
  [4;36;1mCard Load (0.4ms)[0m   [0;1mSELECT * FROM "cards" [0m
Completed in 10ms (View: 7, DB: 0) | 200 OK [http://localhost/cards.xml]


Processing CardsController#index to xml (for 127.0.0.1 at 2010-06-16 19:03:38) [GET]
  [4;35;1mCard Load (0.4ms)[0m   [0mSELECT * FROM "cards" [0m
Completed in 10ms (View: 7, DB: 0) | 200 OK [http://localhost/cards.xml]


Processing CardsController#index to xml (for 127.0.0.1 at 2010-06-16 19:03:41) [GET]
  [4;36;1mCard Load (0.4ms)[0m   [0;1mSELECT * FROM "cards" [0m
Completed in 10ms (View: 7, DB: 0) | 200 OK [http://localhost/cards.xml]


Processing CardsController#index to xml (for 127.0.0.1 at 2010-06-16 19:03:42) [GET]
  [4;35;1mCard Load (0.5ms)[0m   [0mSELECT * FROM "cards" [0m
Completed in 10ms (View: 7, DB: 0) | 200 OK [http://localhost/cards.xml]
